open source     > level 1, order 1, name '/usr/share/texmf-dist/tex/context/base/mkiv/cont-yes.mkiv'
system          > 
system          > ConTeXt  ver: 2017.05.15 21:48 MKIV beta  fmt: 2017.11.17  int: english/english
system          > 
system          > 'cont-new.mkiv' loaded
open source     > level 2, order 2, name '/usr/share/texmf-dist/tex/context/base/mkiv/cont-new.mkiv'
close source    > level 2, order 2, name '/usr/share/texmf-dist/tex/context/base/mkiv/cont-new.mkiv'
system          > files > jobname 'resume', input './resume', result 'resume'
fonts           > latin modern fonts are not preloaded
languages       > language 'en' is active
open source     > level 2, order 3, name '/home/ycxue/Documents/blog/xueyouchao.github.io-hexo/source/about/resume.tex'
colors          > defining > unknown library 'hex'
open source     > level 3, order 4, name '/usr/share/texmf-dist/tex/context/fonts/mkiv/type-imp-texgyre.mkiv'
close source    > level 3, order 4, name '/usr/share/texmf-dist/tex/context/fonts/mkiv/type-imp-texgyre.mkiv'
structure       > sectioning > section @ level 3 : 0.0.1 -> Youchao Xue

Overfull \hbox (24.74998pt too wide) in alignment at lines 74--80
[][] [] [] [] [] [] [][]

\hbox(0.0+0.0)x483.69687, glue set - 1.0, direction TLT
.\glue(\tabskip) 0.0
.\unsetbox(0.0+0.0)x0.0
.\glue(\tabskip) 0.0
.\unsetbox(0.0+0.0)x0.0
.\glue(\tabskip) 8.25 plus 1.5fil minus 4.125
.etc.

floatblocks     > '1' placed
structure       > sectioning > subsubsection @ level 5 : 0.0.1.0.1 -> Technical Skills

Overfull \hbox (12.72832pt too wide) in paragraph at lines 90--93
[]\3>helvetica-11pt-ss-bf-0--0 Golang \3>helvetica-11pt-ss-tf-0--0 - Strong skill on golang pro-gram-ming with deep un-der-stand-ing of its CSP con-cur-rency model.Ex-

\hbox(8.217+2.398)x483.69687, glue set - 1.0, direction TLT
.\localpar
..\localinterlinepenalty=0
..\localbrokenpenalty=0
..\localleftbox=null
..\localrightbox=null
.\hbox(0.0+0.0)x0.0, direction TLT
.\3>helvetica-11pt-ss-bf-0--0 G
.\3>helvetica-11pt-ss-bf-0--0 o
.\3>helvetica-11pt-ss-bf-0--0 l
.etc.

structure       > sectioning > subsubsection @ level 5 : 0.0.1.0.2 -> Work Experience
backend         > xmp > using file '/usr/share/texmf-dist/tex/context/base/mkiv/lpdf-pdx.xml'
pages           > flushing realpage 1, userpage 1, subpage 1
structure       > sectioning > subsubsection @ level 5 : 0.0.1.0.3 -> Personal Side Projects
structure       > sectioning > subsubsection @ level 5 : 0.0.1.0.4 -> Education
pages           > flushing realpage 2, userpage 2
close source    > level 2, order 4, name '/home/ycxue/Documents/blog/xueyouchao.github.io-hexo/source/about/resume.tex'
close source    > level 1, order 4, name '/usr/share/texmf-dist/tex/context/base/mkiv/cont-yes.mkiv'

system          > structure > start used structure

used structure  > text: resume

system          > structure > stop used structure


system          > files > start used files

used file       >    1: filename=cont-yes.mkiv filetype=tex foundname=/usr/share/texmf-dist/tex/context/base/mkiv/cont-yes.mkiv usedmethod=database
used file       >    2: filename=publ-imp-default.lua filetype=lua foundname=/usr/share/texmf-dist/tex/context/base/mkiv/publ-imp-default.lua usedmethod=database
used file       >    3: filename=cont-new.mkiv filetype=tex foundname=/usr/share/texmf-dist/tex/context/base/mkiv/cont-new.mkiv usedmethod=database
used file       >    4: filename=lang-us.lua filetype=lua foundname=/usr/share/texmf-dist/tex/context/patterns/mkiv/lang-us.lua usedmethod=database
used file       >    5: filename=/home/ycxue/Documents/blog/xueyouchao.github.io-hexo/source/about/resume.tex foundname=/home/ycxue/Documents/blog/xueyouchao.github.io-hexo/source/about/resume.tex usedmethod=direct
used file       >    6: filename=type-imp-texgyre.mkiv filetype=tex foundname=/usr/share/texmf-dist/tex/context/fonts/mkiv/type-imp-texgyre.mkiv usedmethod=database
used file       >    7: filename=lm.lfg filetype=tex foundname=/usr/share/texmf-dist/tex/context/fonts/mkiv/lm.lfg usedmethod=database
used file       >    8: filename=texgyreheros-regular filetype=otf format=otf foundname=/usr/share/texmf-dist/fonts/opentype/public/tex-gyre/texgyreheros-regular.otf usedmethod=database
used file       >    9: filename=latinmodern-math.otf filetype=opentypefonts foundname=/usr/share/texmf-dist/fonts/opentype/public/lm-math/latinmodern-math.otf usedmethod=database
used file       >   10: filename=texgyreheros-bold filetype=otf format=otf foundname=/usr/share/texmf-dist/fonts/opentype/public/tex-gyre/texgyreheros-bold.otf usedmethod=database
used file       >   11: filename=texgyreheros-italic filetype=otf format=otf foundname=/usr/share/texmf-dist/fonts/opentype/public/tex-gyre/texgyreheros-italic.otf usedmethod=database
used file       >   12: filename=lpdf-pdx.xml filetype=tex foundname=/usr/share/texmf-dist/tex/context/base/mkiv/lpdf-pdx.xml usedmethod=database
used file       >   13: filename=lmmonolt10-bold filetype=otf format=otf foundname=/usr/share/texmf-dist/fonts/opentype/public/lm/lmmonolt10-bold.otf usedmethod=database

system          > files > stop used files


system          > options > start commandline options

used option     > currentrun="2"
used option     > fulljobname="./resume.tex"
used option     > input="./resume.tex"
used option     > kindofrun="2"
used option     > maxnofruns="9"
used option     > no-parse-first-line="true"

system          > options > stop commandline options

system          > options > start commandline files

used file       >    1: ./resume.tex

system          > options > stop commandline files


mkiv lua stats  > used config file: selfautodir:/share/texmf-dist/web2c/texmfcnf.lua
mkiv lua stats  > used cache path: readable+writable: '/home/ycxue/.texlive/texmf-var/luatex-cache/context/0399a8df3aef8d154781d0a9c2b8e28d'
mkiv lua stats  > resource resolver: loadtime 0.040 seconds, 0 scans with scantime 0.000 seconds, 0 shared scans, 13 found files, scanned paths: <none>
mkiv lua stats  > stored bytecode data: 404 modules (0.208 sec), 91 tables (0.009 sec), 495 chunks (0.218 sec)
mkiv lua stats  > traced context: maxstack: 1232, freed: 1, unreachable: 1231
mkiv lua stats  > cleaned up reserved nodes: 58 nodes, 9 lists of 447
mkiv lua stats  > node memory usage: 2 glue, 2 penalty, 12 attribute, 49 glue_spec, 3 attribute_list, 2 temp, 2 user_defined
mkiv lua stats  > node list callback tasks: 7 unique task lists, 7 instances (re)created, 269 calls
mkiv lua stats  > h-node processing time: 0.023 seconds including kernel
mkiv lua stats  > used backend: pdf (backend for directly generating pdf output)
mkiv lua stats  > jobdata time: 0.001 seconds saving, 0.000 seconds loading
mkiv lua stats  > callbacks: 573 direct, 751 indirect, 1324 total
mkiv lua stats  > randomizer: resumed with value 0.057158929322455
mkiv lua stats  > loaded patterns: en::2, load time: 0.000
mkiv lua stats  > interactive elements: 9 references, 5 destinations
mkiv lua stats  > result saved in file: resume.pdf, compresslevel 3, objectcompresslevel 3
mkiv lua stats  > loaded fonts: 5 files: latinmodern-math.otf, lmmonolt10-bold.otf, texgyreheros-bold.otf, texgyreheros-italic.otf, texgyreheros-regular.otf
mkiv lua stats  > font engine: otf 3.029, afm 1.512, tfm 1.000, 9 instances, 2 shared in backend, 0 common vectors, 2 common hashes, load time 0.137 seconds 
mkiv lua stats  > pdf annotations: 9 links (9 unique), 0 special
mkiv lua stats  > used platform: linux-64, type: unix, binary subtree: usr
mkiv lua stats  > luatex banner: this is luatex, version 1.0.4 (tex live 2017/arch linux)
mkiv lua stats  > control sequences: 45380 of 65536 + 100000
mkiv lua stats  > lua properties: engine: lua, used memory: 88 MB (ctx: 87 MB), hash type: lua, hash chars: min(64,40), symbol mask: utf (τεχ)
mkiv lua stats  > runtime: 0.555 seconds, 2 processed pages, 2 shipped pages, 3.604 pages/second

